<?xml version="1.0" encoding="UTF-8"?>
<!-- Generated by org.testng.reporters.JUnitXMLReporter -->
<testsuite hostname="DESKTOP-14JT5SD" ignored="0" name="Test" tests="9" failures="1" timestamp="21 Feb 2021 07:21:07 GMT" time="0.091" errors="0">
  <testcase name="tc01" time="0.013" classname="org.retryanalyzer.Student1"/>
  <testcase name="tc02" time="0.0" classname="org.retryanalyzer.Student1">
    <skipped/>
  </testcase> <!-- tc02 -->
  <testcase name="tc02" time="0.002" classname="org.retryanalyzer.Student1">
    <skipped/>
  </testcase> <!-- tc02 -->
  <testcase name="tc02" time="0.002" classname="org.retryanalyzer.Student1">
    <skipped/>
  </testcase> <!-- tc02 -->
  <testcase name="tc02" time="0.001" classname="org.retryanalyzer.Student1">
    <skipped/>
  </testcase> <!-- tc02 -->
  <testcase name="tc02" time="0.001" classname="org.retryanalyzer.Student1">
    <skipped/>
  </testcase> <!-- tc02 -->
  <testcase name="tc02" time="0.0" classname="org.retryanalyzer.Student1">
    <failure type="java.lang.AssertionError" message="expected [true] but found [false]">
      <![CDATA[java.lang.AssertionError: expected [true] but found [false]
at org.retryanalyzer.Student1.tc02(Student1.java:14)
... Removed 29 stack frames]]>
    </failure>
  </testcase> <!-- tc02 -->
  <testcase name="tc03" time="0.0" classname="org.retryanalyzer.Student1"/>
  <testcase name="tc04" time="0.0" classname="org.retryanalyzer.Student1"/>
</testsuite> <!-- Test -->
