<?xml version="1.0" encoding="UTF-8"?>
<testng-results skipped="0" failed="0" ignored="0" total="2" passed="2">
  <reporter-output>
  </reporter-output>
  <suite name="Default suite" duration-ms="49686" started-at="2021-02-24T03:58:30Z" finished-at="2021-02-24T03:59:20Z">
    <groups>
    </groups>
    <test name="Default test" duration-ms="49686" started-at="2021-02-24T03:58:30Z" finished-at="2021-02-24T03:59:20Z">
      <class name="org.dataprovider.SampleTask">
        <test-method status="PASS" signature="beforeClass()[pri:0, instance:org.dataprovider.SampleTask@5f341870]" name="beforeClass" is-config="true" duration-ms="20" started-at="2021-02-24T03:58:30Z" finished-at="2021-02-24T03:58:30Z">
          <reporter-output>
          </reporter-output>
        </test-method> <!-- beforeClass -->
        <test-method status="PASS" signature="beforeMethod()[pri:0, instance:org.dataprovider.SampleTask@5f341870]" name="beforeMethod" is-config="true" duration-ms="15" started-at="2021-02-24T03:58:30Z" finished-at="2021-02-24T03:58:30Z">
          <reporter-output>
          </reporter-output>
        </test-method> <!-- beforeMethod -->
        <test-method status="PASS" signature="test1(java.lang.String, java.lang.String, java.lang.String, java.lang.String, java.lang.String, java.lang.String, java.lang.String)[pri:0, instance:org.dataprovider.SampleTask@5f341870]" name="test1" duration-ms="21746" started-at="2021-02-24T03:58:30Z" data-provider="bookingDetail" finished-at="2021-02-24T03:58:52Z">
          <params>
            <param index="0">
              <value>
                <![CDATA[SaravanaPerumal]]>
              </value>
            </param>
            <param index="1">
              <value>
                <![CDATA[Saravana@31]]>
              </value>
            </param>
            <param index="2">
              <value>
                <![CDATA[Raj]]>
              </value>
            </param>
            <param index="3">
              <value>
                <![CDATA[Kumar]]>
              </value>
            </param>
            <param index="4">
              <value>
                <![CDATA[Zone Plaza]]>
              </value>
            </param>
            <param index="5">
              <value>
                <![CDATA[1236457849098370]]>
              </value>
            </param>
            <param index="6">
              <value>
                <![CDATA[123]]>
              </value>
            </param>
          </params>
          <reporter-output>
          </reporter-output>
        </test-method> <!-- test1 -->
        <test-method status="PASS" signature="afterMethod()[pri:0, instance:org.dataprovider.SampleTask@5f341870]" name="afterMethod" is-config="true" duration-ms="1" started-at="2021-02-24T03:58:52Z" finished-at="2021-02-24T03:58:52Z">
          <reporter-output>
          </reporter-output>
        </test-method> <!-- afterMethod -->
        <test-method status="PASS" signature="beforeMethod()[pri:0, instance:org.dataprovider.SampleTask@5f341870]" name="beforeMethod" is-config="true" duration-ms="1" started-at="2021-02-24T03:58:52Z" finished-at="2021-02-24T03:58:52Z">
          <reporter-output>
          </reporter-output>
        </test-method> <!-- beforeMethod -->
        <test-method status="PASS" signature="test1(java.lang.String, java.lang.String, java.lang.String, java.lang.String, java.lang.String, java.lang.String, java.lang.String)[pri:0, instance:org.dataprovider.SampleTask@5f341870]" name="test1" duration-ms="27863" started-at="2021-02-24T03:58:52Z" data-provider="bookingDetail" finished-at="2021-02-24T03:59:20Z">
          <params>
            <param index="0">
              <value>
                <![CDATA[SaravanaPerumal]]>
              </value>
            </param>
            <param index="1">
              <value>
                <![CDATA[Saravana@31]]>
              </value>
            </param>
            <param index="2">
              <value>
                <![CDATA[Jai]]>
              </value>
            </param>
            <param index="3">
              <value>
                <![CDATA[ram]]>
              </value>
            </param>
            <param index="4">
              <value>
                <![CDATA[Zone Plaza]]>
              </value>
            </param>
            <param index="5">
              <value>
                <![CDATA[1236457849098370]]>
              </value>
            </param>
            <param index="6">
              <value>
                <![CDATA[123]]>
              </value>
            </param>
          </params>
          <reporter-output>
          </reporter-output>
        </test-method> <!-- test1 -->
        <test-method status="PASS" signature="afterMethod()[pri:0, instance:org.dataprovider.SampleTask@5f341870]" name="afterMethod" is-config="true" duration-ms="1" started-at="2021-02-24T03:59:20Z" finished-at="2021-02-24T03:59:20Z">
          <reporter-output>
          </reporter-output>
        </test-method> <!-- afterMethod -->
        <test-method status="PASS" signature="afterClass()[pri:0, instance:org.dataprovider.SampleTask@5f341870]" name="afterClass" is-config="true" duration-ms="0" started-at="2021-02-24T03:59:20Z" finished-at="2021-02-24T03:59:20Z">
          <reporter-output>
          </reporter-output>
        </test-method> <!-- afterClass -->
      </class> <!-- org.dataprovider.SampleTask -->
    </test> <!-- Default test -->
  </suite> <!-- Default suite -->
</testng-results>
